<!DOCTYPE html PUBLIC "-//W3C//DTD XHTML 1.1//EN" "http://www.w3.org/TR/xhtml11/DTD/xhtml11.dtd">
<html xmlns="http://www.w3.org/1999/xhtml"><head><title>TestNG Report</title><style type="text/css">table {margin-bottom:10px;border-collapse:collapse;empty-cells:show}th,td {border:1px solid #009;padding:.25em .5em}th {vertical-align:bottom}td {vertical-align:top}table a {font-weight:bold}.stripe td {background-color: #E6EBF9}.num {text-align:right}.passedodd td {background-color: #3F3}.passedeven td {background-color: #0A0}.skippedodd td {background-color: #DDD}.skippedeven td {background-color: #CCC}.failedodd td,.attn {background-color: #F33}.failedeven td,.stripe .attn {background-color: #D00}.stacktrace {white-space:pre;font-family:monospace}.totop {font-size:85%;text-align:center;border-bottom:2px solid #000}</style></head><body><table><tr><th>Test</th><th># Passed</th><th># Skipped</th><th># Failed</th><th>Time (ms)</th><th>Included Groups</th><th>Excluded Groups</th></tr><tr><th colspan="7">Default suite</th></tr><tr><td><a href="#t0">Default test</a></td><td class="num">0</td><td class="num">0</td><td class="num attn">1</td><td class="num">483</td><td></td><td></td></tr></table><table><thead><tr><th>Class</th><th>Method</th><th>Start</th><th>Time (ms)</th></tr></thead><tbody><tr><th colspan="4">Default suite</th></tr></tbody><tbody id="t0"><tr><th colspan="4">Default test &#8212; failed</th></tr><tr class="failedeven"><td rowspan="1">com.test.SalarySteps</td><td><a href="#m0">Modify_an_employees_salary</a></td><td rowspan="1">1448904798434</td><td rowspan="1">473</td></tr></tbody></table><h2>Default test</h2><h3 id="m0">com.test.SalarySteps#Modify_an_employees_salary</h3><table class="result"><tr><th>Messages</th></tr><tr><td><div class="messages">&lt;div class=&quot;featureFile&quot;&gt;Feature File: src\test\resources\com\test\Salary.feature&lt;/div&gt;<br/>&lt;div class=&quot;feature&quot;&gt;Feature: Salary Management&lt;/div&gt;<br/>&lt;div class=&quot;scenario&quot;&gt;Scenario: Modify an employee&apos;s salary&lt;/div&gt;<br/>&lt;div class=&quot;result&quot;&gt;Given  the salary management system is initialized with the following data (passed : 0.13s)&lt;/div&gt;<br/>&lt;div class=&quot;result&quot;&gt;When  the boss increases the salary for the employee with id &apos;3&apos; by 5% (passed : 0.0s)&lt;/div&gt;<br/>&lt;div class=&quot;result&quot;&gt;Then  the payroll for the employee with id &apos;3&apos; should display a salary of 57750 (failed : 0.0s)&lt;/div&gt;</div></td></tr><tr><th>Exception</th></tr><tr><td><div class="stacktrace">java.lang.RuntimeException: java.lang.AssertionError: expected [57750.0] but found [57751.0]
	at com.legalmonkeys.test.AbstractCucumberTest.run(AbstractCucumberTest.java:76)
	at com.legalmonkeys.test.AbstractCucumberTest.run(AbstractCucumberTest.java:27)
	at com.test.SalarySteps.Modify_an_employees_salary(SalarySteps.java:29)
	at sun.reflect.NativeMethodAccessorImpl.invoke0(Native Method)
	at sun.reflect.NativeMethodAccessorImpl.invoke(Unknown Source)
	at sun.reflect.DelegatingMethodAccessorImpl.invoke(Unknown Source)
	at java.lang.reflect.Method.invoke(Unknown Source)
	at org.testng.internal.MethodInvocationHelper.invokeMethod(MethodInvocationHelper.java:85)
	at org.testng.internal.Invoker.invokeMethod(Invoker.java:639)
	at org.testng.internal.Invoker.invokeTestMethod(Invoker.java:816)
	at org.testng.internal.Invoker.invokeTestMethods(Invoker.java:1124)
	at org.testng.internal.TestMethodWorker.invokeTestMethods(TestMethodWorker.java:125)
	at org.testng.internal.TestMethodWorker.run(TestMethodWorker.java:108)
	at org.testng.TestRunner.privateRun(TestRunner.java:774)
	at org.testng.TestRunner.run(TestRunner.java:624)
	at org.testng.SuiteRunner.runTest(SuiteRunner.java:359)
	at org.testng.SuiteRunner.runSequentially(SuiteRunner.java:354)
	at org.testng.SuiteRunner.privateRun(SuiteRunner.java:312)
	at org.testng.SuiteRunner.run(SuiteRunner.java:261)
	at org.testng.SuiteRunnerWorker.runSuite(SuiteRunnerWorker.java:52)
	at org.testng.SuiteRunnerWorker.run(SuiteRunnerWorker.java:86)
	at org.testng.TestNG.runSuitesSequentially(TestNG.java:1215)
	at org.testng.TestNG.runSuitesLocally(TestNG.java:1140)
	at org.testng.TestNG.run(TestNG.java:1048)
	at org.testng.remote.RemoteTestNG.run(RemoteTestNG.java:112)
	at org.testng.remote.RemoteTestNG.initAndRun(RemoteTestNG.java:205)
	at org.testng.remote.RemoteTestNG.main(RemoteTestNG.java:176)
Caused by: java.lang.AssertionError: expected [57750.0] but found [57751.0]
	at org.testng.Assert.fail(Assert.java:94)
	at org.testng.Assert.failNotEquals(Assert.java:496)
	at org.testng.Assert.assertEquals(Assert.java:125)
	at org.testng.Assert.assertEquals(Assert.java:167)
	at com.test.SalarySteps.the_payroll_for_the_employee_with_id_should_display_a_salary_of(SalarySteps.java:46)
	at ?.Then the payroll for the employee with id &apos;3&apos; should display a salary of 57750(src\test\resources\com\test\Salary.feature:15)
</div></td></tr></table><p class="totop"><a href="#summary">back to summary</a></p></body></html>